<?xml version="1.0" encoding="UTF-8"?>
<testng-results skipped="0" failed="0" ignored="0" total="1" passed="1">
  <reporter-output>
  </reporter-output>
  <suite name="Suite" duration-ms="26397" started-at="2018-03-28T03:08:09Z" finished-at="2018-03-28T03:08:35Z">
    <groups>
    </groups>
    <test name="Test" duration-ms="26397" started-at="2018-03-28T03:08:09Z" finished-at="2018-03-28T03:08:35Z">
      <class name="JenkinsReport.TestReport.ReportDownload">
        <test-method status="PASS" signature="greenCargoReport()[pri:0, instance:JenkinsReport.TestReport.ReportDownload@7cf10a6f]" name="greenCargoReport" duration-ms="26365" started-at="2018-03-28T08:38:09Z" finished-at="2018-03-28T08:38:35Z">
          <reporter-output>
          </reporter-output>
        </test-method> <!-- greenCargoReport -->
      </class> <!-- JenkinsReport.TestReport.ReportDownload -->
    </test> <!-- Test -->
  </suite> <!-- Suite -->
</testng-results>
