<?xml version="1.0" encoding="UTF-8"?>
<testng-results skipped="0" failed="0" ignored="0" total="1" passed="1">
  <reporter-output>
  </reporter-output>
  <suite name="Suite" duration-ms="17540" started-at="2018-02-12T21:24:08Z" finished-at="2018-02-12T21:24:26Z">
    <groups>
    </groups>
    <test name="Test" duration-ms="17540" started-at="2018-02-12T21:24:08Z" finished-at="2018-02-12T21:24:26Z">
      <class name="JenkinsReport.TestReport.ReportDownload">
        <test-method status="PASS" signature="greenCargoReport()[pri:0, instance:JenkinsReport.TestReport.ReportDownload@7cf10a6f]" name="greenCargoReport" duration-ms="17512" started-at="2018-02-13T02:54:08Z" finished-at="2018-02-13T02:54:26Z">
          <reporter-output>
          </reporter-output>
        </test-method> <!-- greenCargoReport -->
      </class> <!-- JenkinsReport.TestReport.ReportDownload -->
    </test> <!-- Test -->
  </suite> <!-- Suite -->
</testng-results>
