<?xml version="1.0" encoding="UTF-8"?>
<testng-results skipped="0" failed="0" ignored="0" total="1" passed="1">
  <reporter-output>
  </reporter-output>
  <suite name="Default suite" duration-ms="31177" started-at="2018-03-22T06:51:15Z" finished-at="2018-03-22T06:51:47Z">
    <groups>
    </groups>
    <test name="Default test" duration-ms="31177" started-at="2018-03-22T06:51:15Z" finished-at="2018-03-22T06:51:47Z">
      <class name="JenkinsReport.TestReport.ReportDownload">
        <test-method status="PASS" signature="greenCargoReport()[pri:0, instance:JenkinsReport.TestReport.ReportDownload@6767c1fc]" name="greenCargoReport" duration-ms="31142" started-at="2018-03-22T12:21:16Z" finished-at="2018-03-22T12:21:47Z">
          <reporter-output>
          </reporter-output>
        </test-method> <!-- greenCargoReport -->
      </class> <!-- JenkinsReport.TestReport.ReportDownload -->
    </test> <!-- Default test -->
  </suite> <!-- Default suite -->
</testng-results>
